[Config] Using config: D:\Project\Graduation project\streams\stream_mopjg0ee.json
[Config] Parsing config file: D:\Project\Graduation project\streams\stream_mopjg0ee.json
[Config] Loaded successfully from D:\Project\Graduation project\streams\stream_mopjg0ee.json
========== Configuration ==========
[Push]
  RTSP URL: 
  Video: 1920x1080, Bitrate: 5000000, FPS: 24
[Capture]
  Device: 
  Video: 640x360, FPS: 24
  Input Format: dshow
[Detector]
  Enabled: YES
  Model: 
  Confidence: 0.5
  Input: 640x640
[Recorder]
  Enabled: YES
  Output Dir: recordings
  Person Leave Timeout: 3000ms
[Log]
  Level: info
  Debug: OFF
==========================================
Capture settings: 640x360 @ 24fps
Opening video device: 
Failed to open input device.
[Capture Mode]: Init Failed!
[Detector] Target classes: person 
Model path: D:\Project\Graduation project\build\bin\Debug\..\..\..\
CUDA devices found: 1
Device 0: NVIDIA GeForce GTX 1650
Using GPU for inference.
Loading model from: D:\Project\Graduation project\build\bin\Debug\..\..\..\
[ONNX Runtime Error] Code: 3
[ONNX Runtime Error] Msg: Load model from D:\Project\Graduation project\build\bin\Debug\..\..\..\ failed:Load model D:\Project\Graduation project\build\bin\Debug\..\..\..\ failed. File doesn't exist
[Detection Mode]: Init Failed!
[Push] Starting stream to: 
[Push] Resolution: 1920x1080, Bitrate: 5000000
[1/7] Network init...
[2/7] CUDA init...
[3/7] Format context...
[4/7] Video stream...
NVENC supports CUDA hardware acceleration
[5/7] Codec context...
[NVENC] Configured for ultra-low latency (preset=p1, tune=ull)
0 0 0 1 103 77 64 40 149 160 30 0 137 249 112 17 0 0 3 3 
[SPS/PPS] Extradata size=47, first bytes: 0 0 0 1
[SPS/PPS] Parsing AnnexB extradata
[SPS/PPS] Extracted SPS from AnnexB, size=39
[SPS/PPS] Extracted PPS from AnnexB, size=8
[SPS/PPS] Successfully extracted SPS(39 bytes), PPS(8 bytes)
[6/7] Swscale...
Init success!
[Push Mode]: Init Success!
[Recorder] Initialized. Output dir: recordings
[Recorder Mode]: Init Success!
[Push] Starting stream to: 
[Push] Resolution: 1920x1080, Bitrate: 5000000
[Push] SPS/PPS extracted: YES

[Process exited with code: 1]
